<?xml version="1.0" encoding="UTF-8"?>
<testng-results skipped="0" failed="0" total="1" passed="1">
  <reporter-output>
  </reporter-output>
  <suite name="Suite" duration-ms="74582" started-at="2015-11-12T17:15:10Z" finished-at="2015-11-12T17:16:24Z">
    <groups>
    </groups>
    <test name="Test" duration-ms="74582" started-at="2015-11-12T17:15:10Z" finished-at="2015-11-12T17:16:24Z">
      <class name="Main.PageObjectModelTest">
        <test-method status="PASS" signature="setUp()[pri:0, instance:Main.PageObjectModelTest@6b1fff2b]" name="setUp" is-config="true" duration-ms="13079" started-at="2015-11-12T17:15:10Z" finished-at="2015-11-12T17:15:23Z">
          <reporter-output>
          </reporter-output>
        </test-method> <!-- setUp -->
        <test-method status="PASS" signature="test1()[pri:0, instance:Main.PageObjectModelTest@6b1fff2b]" name="test1" duration-ms="60133" started-at="2015-11-12T17:15:23Z" finished-at="2015-11-12T17:16:23Z">
          <reporter-output>
          </reporter-output>
        </test-method> <!-- test1 -->
        <test-method status="PASS" signature="tearDown()[pri:0, instance:Main.PageObjectModelTest@6b1fff2b]" name="tearDown" is-config="true" duration-ms="1356" started-at="2015-11-12T17:16:23Z" finished-at="2015-11-12T17:16:24Z">
          <reporter-output>
          </reporter-output>
        </test-method> <!-- tearDown -->
      </class> <!-- Main.PageObjectModelTest -->
    </test> <!-- Test -->
  </suite> <!-- Suite -->
</testng-results>
